<?xml version="1.0" encoding="UTF-8"?>
<!-- Generated by org.testng.reporters.JUnitXMLReporter -->
<testsuite ignored="0" hostname="DESKTOP-C72S4F8" failures="1" tests="3" name="Test" time="205.607" errors="0" timestamp="2026-04-19T21:15:30 IST">
  <testcase classname="projects.AmazonEndtoEnd1.Testcase7_ProductDetailInformation" name="productDetails" time="77.201">
    <skipped/>
  </testcase> <!-- productDetails -->
  <testcase classname="projects.AmazonEndtoEnd1.Testcase7_ProductDetailInformation" name="productDetails" time="55.383">
    <skipped/>
  </testcase> <!-- productDetails -->
  <testcase classname="projects.AmazonEndtoEnd1.Testcase7_ProductDetailInformation" name="productDetails" time="47.703">
    <failure type="java.lang.NullPointerException" message="Cannot invoke &amp;quot;org.openqa.selenium.WebDriver.getClass()&amp;quot; because &amp;quot;exceptionDriver&amp;quot; is null">
      <![CDATA[java.lang.NullPointerException: Cannot invoke "org.openqa.selenium.WebDriver.getClass()" because "exceptionDriver" is null
at org.openqa.selenium.support.ui.WebDriverWait.timeoutException(WebDriverWait.java:85)
at org.openqa.selenium.support.ui.FluentWait.until(FluentWait.java:231)
at projects.AmazonEndtoEnd1.ProductList.productRating(ProductList.java:81)
at projects.AmazonEndtoEnd1.Testcase7_ProductDetailInformation.productDetails(Testcase7_ProductDetailInformation.java:26)
at java.base/java.util.ArrayList.forEach(ArrayList.java:1596)
... Removed 25 stack frames]]>
    </failure>
  </testcase> <!-- productDetails -->
</testsuite> <!-- Test -->
