<?xml version="1.0" encoding="UTF-8"?>
<testng-results retried="2" ignored="0" total="3" passed="0" failed="1" skipped="0">
  <reporter-output>
  </reporter-output>
  <suite started-at="2026-04-19T21:12:04 IST" name="Suite" finished-at="2026-04-19T21:15:30 IST" duration-ms="205607">
    <groups>
    </groups>
    <test started-at="2026-04-19T21:12:04 IST" name="Test" finished-at="2026-04-19T21:15:30 IST" duration-ms="205607">
      <class name="projects.AmazonEndtoEnd1.Testcase7_ProductDetailInformation">
        <test-method is-config="true" signature="launchbrowser(java.lang.String)[pri:0, instance:projects.AmazonEndtoEnd1.Testcase7_ProductDetailInformation@7c7a06ec]" started-at="2026-04-19T21:12:05 IST" name="launchbrowser" finished-at="2026-04-19T21:12:11 IST" duration-ms="6802" status="PASS">
          <params>
            <param index="0">
              <value>
                <![CDATA[chrome]]>
              </value>
            </param>
          </params>
          <reporter-output>
          </reporter-output>
        </test-method> <!-- launchbrowser -->
        <test-method retried="true" signature="productDetails()[pri:0, instance:projects.AmazonEndtoEnd1.Testcase7_ProductDetailInformation@7c7a06ec]" started-at="2026-04-19T21:12:11 IST" name="productDetails" finished-at="2026-04-19T21:13:29 IST" duration-ms="77201" status="SKIP">
          <exception class="java.lang.NullPointerException">
            <message>
              <![CDATA[Cannot invoke "org.openqa.selenium.WebDriver.getClass()" because "exceptionDriver" is null]]>
            </message>
            <full-stacktrace>
              <![CDATA[java.lang.NullPointerException: Cannot invoke "org.openqa.selenium.WebDriver.getClass()" because "exceptionDriver" is null
at org.openqa.selenium.support.ui.WebDriverWait.timeoutException(WebDriverWait.java:85)
at org.openqa.selenium.support.ui.FluentWait.until(FluentWait.java:231)
at projects.AmazonEndtoEnd1.ProductList.productRating(ProductList.java:81)
at projects.AmazonEndtoEnd1.Testcase7_ProductDetailInformation.productDetails(Testcase7_ProductDetailInformation.java:26)
at java.base/jdk.internal.reflect.DirectMethodHandleAccessor.invoke(DirectMethodHandleAccessor.java:103)
at java.base/java.lang.reflect.Method.invoke(Method.java:580)
at org.testng.internal.invokers.MethodInvocationHelper.invokeMethod(MethodInvocationHelper.java:141)
at org.testng.internal.invokers.TestInvoker.invokeMethod(TestInvoker.java:687)
at org.testng.internal.invokers.TestInvoker.invokeTestMethod(TestInvoker.java:230)
at org.testng.internal.invokers.MethodRunner.runInSequence(MethodRunner.java:63)
at org.testng.internal.invokers.TestInvoker$MethodInvocationAgent.invoke(TestInvoker.java:995)
at org.testng.internal.invokers.TestInvoker.invokeTestMethods(TestInvoker.java:203)
at org.testng.internal.invokers.TestMethodWorker.invokeTestMethods(TestMethodWorker.java:154)
at org.testng.internal.invokers.TestMethodWorker.run(TestMethodWorker.java:134)
at java.base/java.util.ArrayList.forEach(ArrayList.java:1596)
at org.testng.TestRunner.privateRun(TestRunner.java:741)
at org.testng.TestRunner.run(TestRunner.java:616)
at org.testng.SuiteRunner.runTest(SuiteRunner.java:421)
at org.testng.SuiteRunner.runSequentially(SuiteRunner.java:413)
at org.testng.SuiteRunner.privateRun(SuiteRunner.java:373)
at org.testng.SuiteRunner.run(SuiteRunner.java:312)
at org.testng.SuiteRunnerWorker.runSuite(SuiteRunnerWorker.java:52)
at org.testng.SuiteRunnerWorker.run(SuiteRunnerWorker.java:95)
at org.testng.TestNG.runSuitesSequentially(TestNG.java:1274)
at org.testng.TestNG.runSuitesLocally(TestNG.java:1208)
at org.testng.TestNG.runSuites(TestNG.java:1112)
at org.testng.TestNG.run(TestNG.java:1079)
at org.testng.remote.AbstractRemoteTestNG.run(AbstractRemoteTestNG.java:115)
at org.testng.remote.RemoteTestNG.initAndRun(RemoteTestNG.java:293)
at org.testng.remote.RemoteTestNG.main(RemoteTestNG.java:91)
]]>
            </full-stacktrace>
          </exception> <!-- java.lang.NullPointerException -->
          <reporter-output>
          </reporter-output>
        </test-method> <!-- productDetails -->
        <test-method is-config="true" signature="quitbrowser()[pri:0, instance:projects.AmazonEndtoEnd1.Testcase7_ProductDetailInformation@7c7a06ec]" started-at="2026-04-19T21:13:29 IST" name="quitbrowser" finished-at="2026-04-19T21:13:31 IST" duration-ms="2486" status="PASS">
          <reporter-output>
          </reporter-output>
        </test-method> <!-- quitbrowser -->
        <test-method is-config="true" signature="launchbrowser(java.lang.String)[pri:0, instance:projects.AmazonEndtoEnd1.Testcase7_ProductDetailInformation@7c7a06ec]" started-at="2026-04-19T21:13:31 IST" name="launchbrowser" finished-at="2026-04-19T21:13:36 IST" duration-ms="5079" status="PASS">
          <params>
            <param index="0">
              <value>
                <![CDATA[chrome]]>
              </value>
            </param>
          </params>
          <reporter-output>
          </reporter-output>
        </test-method> <!-- launchbrowser -->
        <test-method retried="true" signature="productDetails()[pri:0, instance:projects.AmazonEndtoEnd1.Testcase7_ProductDetailInformation@7c7a06ec]" started-at="2026-04-19T21:13:36 IST" name="productDetails" finished-at="2026-04-19T21:14:31 IST" duration-ms="55383" status="SKIP">
          <exception class="java.lang.NullPointerException">
            <message>
              <![CDATA[Cannot invoke "org.openqa.selenium.WebDriver.getClass()" because "exceptionDriver" is null]]>
            </message>
            <full-stacktrace>
              <![CDATA[java.lang.NullPointerException: Cannot invoke "org.openqa.selenium.WebDriver.getClass()" because "exceptionDriver" is null
at org.openqa.selenium.support.ui.WebDriverWait.timeoutException(WebDriverWait.java:85)
at org.openqa.selenium.support.ui.FluentWait.until(FluentWait.java:231)
at projects.AmazonEndtoEnd1.ProductList.productRating(ProductList.java:81)
at projects.AmazonEndtoEnd1.Testcase7_ProductDetailInformation.productDetails(Testcase7_ProductDetailInformation.java:26)
at java.base/jdk.internal.reflect.DirectMethodHandleAccessor.invoke(DirectMethodHandleAccessor.java:103)
at java.base/java.lang.reflect.Method.invoke(Method.java:580)
at org.testng.internal.invokers.MethodInvocationHelper.invokeMethod(MethodInvocationHelper.java:141)
at org.testng.internal.invokers.TestInvoker.invokeMethod(TestInvoker.java:687)
at org.testng.internal.invokers.TestInvoker.retryFailed(TestInvoker.java:269)
at org.testng.internal.invokers.MethodRunner.runInSequence(MethodRunner.java:76)
at org.testng.internal.invokers.TestInvoker$MethodInvocationAgent.invoke(TestInvoker.java:995)
at org.testng.internal.invokers.TestInvoker.invokeTestMethods(TestInvoker.java:203)
at org.testng.internal.invokers.TestMethodWorker.invokeTestMethods(TestMethodWorker.java:154)
at org.testng.internal.invokers.TestMethodWorker.run(TestMethodWorker.java:134)
at java.base/java.util.ArrayList.forEach(ArrayList.java:1596)
at org.testng.TestRunner.privateRun(TestRunner.java:741)
at org.testng.TestRunner.run(TestRunner.java:616)
at org.testng.SuiteRunner.runTest(SuiteRunner.java:421)
at org.testng.SuiteRunner.runSequentially(SuiteRunner.java:413)
at org.testng.SuiteRunner.privateRun(SuiteRunner.java:373)
at org.testng.SuiteRunner.run(SuiteRunner.java:312)
at org.testng.SuiteRunnerWorker.runSuite(SuiteRunnerWorker.java:52)
at org.testng.SuiteRunnerWorker.run(SuiteRunnerWorker.java:95)
at org.testng.TestNG.runSuitesSequentially(TestNG.java:1274)
at org.testng.TestNG.runSuitesLocally(TestNG.java:1208)
at org.testng.TestNG.runSuites(TestNG.java:1112)
at org.testng.TestNG.run(TestNG.java:1079)
at org.testng.remote.AbstractRemoteTestNG.run(AbstractRemoteTestNG.java:115)
at org.testng.remote.RemoteTestNG.initAndRun(RemoteTestNG.java:293)
at org.testng.remote.RemoteTestNG.main(RemoteTestNG.java:91)
]]>
            </full-stacktrace>
          </exception> <!-- java.lang.NullPointerException -->
          <reporter-output>
          </reporter-output>
        </test-method> <!-- productDetails -->
        <test-method is-config="true" signature="quitbrowser()[pri:0, instance:projects.AmazonEndtoEnd1.Testcase7_ProductDetailInformation@7c7a06ec]" started-at="2026-04-19T21:14:31 IST" name="quitbrowser" finished-at="2026-04-19T21:14:34 IST" duration-ms="2404" status="PASS">
          <reporter-output>
          </reporter-output>
        </test-method> <!-- quitbrowser -->
        <test-method is-config="true" signature="launchbrowser(java.lang.String)[pri:0, instance:projects.AmazonEndtoEnd1.Testcase7_ProductDetailInformation@7c7a06ec]" started-at="2026-04-19T21:14:34 IST" name="launchbrowser" finished-at="2026-04-19T21:14:39 IST" duration-ms="5596" status="PASS">
          <params>
            <param index="0">
              <value>
                <![CDATA[chrome]]>
              </value>
            </param>
          </params>
          <reporter-output>
          </reporter-output>
        </test-method> <!-- launchbrowser -->
        <test-method signature="productDetails()[pri:0, instance:projects.AmazonEndtoEnd1.Testcase7_ProductDetailInformation@7c7a06ec]" started-at="2026-04-19T21:14:39 IST" name="productDetails" finished-at="2026-04-19T21:15:27 IST" duration-ms="47703" status="FAIL">
          <exception class="java.lang.NullPointerException">
            <message>
              <![CDATA[Cannot invoke "org.openqa.selenium.WebDriver.getClass()" because "exceptionDriver" is null]]>
            </message>
            <full-stacktrace>
              <![CDATA[java.lang.NullPointerException: Cannot invoke "org.openqa.selenium.WebDriver.getClass()" because "exceptionDriver" is null
at org.openqa.selenium.support.ui.WebDriverWait.timeoutException(WebDriverWait.java:85)
at org.openqa.selenium.support.ui.FluentWait.until(FluentWait.java:231)
at projects.AmazonEndtoEnd1.ProductList.productRating(ProductList.java:81)
at projects.AmazonEndtoEnd1.Testcase7_ProductDetailInformation.productDetails(Testcase7_ProductDetailInformation.java:26)
at java.base/jdk.internal.reflect.DirectMethodHandleAccessor.invoke(DirectMethodHandleAccessor.java:103)
at java.base/java.lang.reflect.Method.invoke(Method.java:580)
at org.testng.internal.invokers.MethodInvocationHelper.invokeMethod(MethodInvocationHelper.java:141)
at org.testng.internal.invokers.TestInvoker.invokeMethod(TestInvoker.java:687)
at org.testng.internal.invokers.TestInvoker.retryFailed(TestInvoker.java:269)
at org.testng.internal.invokers.MethodRunner.runInSequence(MethodRunner.java:76)
at org.testng.internal.invokers.TestInvoker$MethodInvocationAgent.invoke(TestInvoker.java:995)
at org.testng.internal.invokers.TestInvoker.invokeTestMethods(TestInvoker.java:203)
at org.testng.internal.invokers.TestMethodWorker.invokeTestMethods(TestMethodWorker.java:154)
at org.testng.internal.invokers.TestMethodWorker.run(TestMethodWorker.java:134)
at java.base/java.util.ArrayList.forEach(ArrayList.java:1596)
at org.testng.TestRunner.privateRun(TestRunner.java:741)
at org.testng.TestRunner.run(TestRunner.java:616)
at org.testng.SuiteRunner.runTest(SuiteRunner.java:421)
at org.testng.SuiteRunner.runSequentially(SuiteRunner.java:413)
at org.testng.SuiteRunner.privateRun(SuiteRunner.java:373)
at org.testng.SuiteRunner.run(SuiteRunner.java:312)
at org.testng.SuiteRunnerWorker.runSuite(SuiteRunnerWorker.java:52)
at org.testng.SuiteRunnerWorker.run(SuiteRunnerWorker.java:95)
at org.testng.TestNG.runSuitesSequentially(TestNG.java:1274)
at org.testng.TestNG.runSuitesLocally(TestNG.java:1208)
at org.testng.TestNG.runSuites(TestNG.java:1112)
at org.testng.TestNG.run(TestNG.java:1079)
at org.testng.remote.AbstractRemoteTestNG.run(AbstractRemoteTestNG.java:115)
at org.testng.remote.RemoteTestNG.initAndRun(RemoteTestNG.java:293)
at org.testng.remote.RemoteTestNG.main(RemoteTestNG.java:91)
]]>
            </full-stacktrace>
          </exception> <!-- java.lang.NullPointerException -->
          <reporter-output>
          </reporter-output>
        </test-method> <!-- productDetails -->
        <test-method is-config="true" signature="quitbrowser()[pri:0, instance:projects.AmazonEndtoEnd1.Testcase7_ProductDetailInformation@7c7a06ec]" started-at="2026-04-19T21:15:28 IST" name="quitbrowser" finished-at="2026-04-19T21:15:30 IST" duration-ms="2408" status="PASS">
          <reporter-output>
          </reporter-output>
        </test-method> <!-- quitbrowser -->
      </class> <!-- projects.AmazonEndtoEnd1.Testcase7_ProductDetailInformation -->
    </test> <!-- Test -->
  </suite> <!-- Suite -->
</testng-results>
