<?xml version="1.0" encoding="UTF-8"?>
<!-- Generated by org.testng.reporters.JUnitReportReporter -->
<testsuite hostname="DESKTOP-C72S4F8" failures="0" tests="3" name="projects.AmazonEndtoEnd1.Testcase11_CheckOutProcess" time="193.389" errors="1" timestamp="2026-04-19T19:14:21 IST" skipped="2">
  <testcase classname="projects.AmazonEndtoEnd1.Testcase11_CheckOutProcess" name="checkout" time="62.663">
    <error message="element click intercepted: Element &lt;span id=&quot;checkout-secondary-continue-button-id-announce&quot; class=&quot;a-button-text&quot; aria-hidden=&quot;true&quot;&gt;...&lt;/span&gt; is not clickable at point (1050, 69). Other element would receive the click: &lt;input data-csa-c-slot-id=&quot;checkout-secondary-continue-payselect&quot; data-csa-c-type=&quot;widget&quot; data-testid=&quot;secondary-continue-button&quot; class=&quot;a-button-input&quot; type=&quot;submit&quot; aria-labelledby=&quot;checkout-secondary-continue-button-id-announce&quot; data-csa-c-id=&quot;7vpwkj-umfzn2-h2q6c8-6drcs3&quot;&gt;
  (Session info: chrome=147.0.7727.57)
Build info: version: &#039;4.40.0&#039;, revision: &#039;b3333f1&#039;
System info: os.name: &#039;Windows 11&#039;, os.arch: &#039;amd64&#039;, os.version: &#039;10.0&#039;, java.version: &#039;21.0.9&#039;
Driver info: org.openqa.selenium.chrome.ChromeDriver
Command: [e9af1ec8ad45133a5434993be418f578, clickElement {id=f.652A7756564B466C83FD2CD8DD22C4B6.d.A84FE3E25395B003FC26E1364B615D09.e.484}]
Capabilities {acceptInsecureCerts: false, browserName: chrome, browserVersion: 147.0.7727.57, chrome: {chromedriverVersion: 147.0.7727.57 (b4f28b5637d0..., userDataDir: C:\Users\USER\AppData\Local...}, fedcm:accounts: true, goog:chromeOptions: {debuggerAddress: localhost:64952}, goog:processID: 13024, networkConnectionEnabled: false, pageLoadStrategy: normal, platformName: windows, proxy: Proxy(), se:cdp: ws://localhost:64952/devtoo..., se:cdpVersion: 147.0.7727.57, setWindowRect: true, strictFileInteractability: false, timeouts: {implicit: 0, pageLoad: 300000, script: 30000}, unhandledPromptBehavior: dismiss and notify, webauthn:extension:credBlob: true, webauthn:extension:largeBlob: true, webauthn:extension:minPinLength: true, webauthn:extension:prf: true, webauthn:virtualAuthenticators: true}
Element: [[ChromeDriver: chrome on windows (e9af1ec8ad45133a5434993be418f578)] -&gt; id: checkout-secondary-continue-button-id-announce]
Session ID: e9af1ec8ad45133a5434993be418f578" type="org.openqa.selenium.ElementClickInterceptedException">
      <![CDATA[org.openqa.selenium.ElementClickInterceptedException: element click intercepted: Element <span id="checkout-secondary-continue-button-id-announce" class="a-button-text" aria-hidden="true">...</span> is not clickable at point (1050, 69). Other element would receive the click: <input data-csa-c-slot-id="checkout-secondary-continue-payselect" data-csa-c-type="widget" data-testid="secondary-continue-button" class="a-button-input" type="submit" aria-labelledby="checkout-secondary-continue-button-id-announce" data-csa-c-id="7vpwkj-umfzn2-h2q6c8-6drcs3">
  (Session info: chrome=147.0.7727.57)
Build info: version: '4.40.0', revision: 'b3333f1'
System info: os.name: 'Windows 11', os.arch: 'amd64', os.version: '10.0', java.version: '21.0.9'
Driver info: org.openqa.selenium.chrome.ChromeDriver
Command: [e9af1ec8ad45133a5434993be418f578, clickElement {id=f.652A7756564B466C83FD2CD8DD22C4B6.d.A84FE3E25395B003FC26E1364B615D09.e.484}]
Capabilities {acceptInsecureCerts: false, browserName: chrome, browserVersion: 147.0.7727.57, chrome: {chromedriverVersion: 147.0.7727.57 (b4f28b5637d0..., userDataDir: C:\Users\USER\AppData\Local...}, fedcm:accounts: true, goog:chromeOptions: {debuggerAddress: localhost:64952}, goog:processID: 13024, networkConnectionEnabled: false, pageLoadStrategy: normal, platformName: windows, proxy: Proxy(), se:cdp: ws://localhost:64952/devtoo..., se:cdpVersion: 147.0.7727.57, setWindowRect: true, strictFileInteractability: false, timeouts: {implicit: 0, pageLoad: 300000, script: 30000}, unhandledPromptBehavior: dismiss and notify, webauthn:extension:credBlob: true, webauthn:extension:largeBlob: true, webauthn:extension:minPinLength: true, webauthn:extension:prf: true, webauthn:virtualAuthenticators: true}
Element: [[ChromeDriver: chrome on windows (e9af1ec8ad45133a5434993be418f578)] -> id: checkout-secondary-continue-button-id-announce]
Session ID: e9af1ec8ad45133a5434993be418f578
at org.openqa.selenium.remote.ErrorCodec.decode(ErrorCodec.java:169)
at org.openqa.selenium.remote.codec.w3c.W3CHttpResponseCodec.decode(W3CHttpResponseCodec.java:142)
at org.openqa.selenium.remote.codec.w3c.W3CHttpResponseCodec.decode(W3CHttpResponseCodec.java:49)
at org.openqa.selenium.remote.HttpCommandExecutor.execute(HttpCommandExecutor.java:223)
at org.openqa.selenium.remote.service.DriverCommandExecutor.invokeExecute(DriverCommandExecutor.java:216)
at org.openqa.selenium.remote.service.DriverCommandExecutor.execute(DriverCommandExecutor.java:174)
at org.openqa.selenium.remote.RemoteWebDriver.execute(RemoteWebDriver.java:601)
at org.openqa.selenium.remote.RemoteWebElement.execute(RemoteWebElement.java:223)
at org.openqa.selenium.remote.RemoteWebElement.click(RemoteWebElement.java:76)
at java.base/jdk.internal.reflect.DirectMethodHandleAccessor.invoke(DirectMethodHandleAccessor.java:103)
at java.base/java.lang.reflect.Method.invoke(Method.java:580)
at org.openqa.selenium.support.pagefactory.internal.LocatingElementHandler.invoke(LocatingElementHandler.java:51)
at jdk.proxy2/jdk.proxy2.$Proxy15.click(Unknown Source)
at projects.AmazonEndtoEnd1.CheckOutPage.paymentbuton(CheckOutPage.java:36)
at projects.AmazonEndtoEnd1.Testcase11_CheckOutProcess.checkout(Testcase11_CheckOutProcess.java:34)
at java.base/jdk.internal.reflect.DirectMethodHandleAccessor.invoke(DirectMethodHandleAccessor.java:103)
at java.base/java.lang.reflect.Method.invoke(Method.java:580)
at org.testng.internal.invokers.MethodInvocationHelper.invokeMethod(MethodInvocationHelper.java:141)
at org.testng.internal.invokers.TestInvoker.invokeMethod(TestInvoker.java:687)
at org.testng.internal.invokers.TestInvoker.retryFailed(TestInvoker.java:269)
at org.testng.internal.invokers.MethodRunner.runInSequence(MethodRunner.java:76)
at org.testng.internal.invokers.TestInvoker$MethodInvocationAgent.invoke(TestInvoker.java:995)
at org.testng.internal.invokers.TestInvoker.invokeTestMethods(TestInvoker.java:203)
at org.testng.internal.invokers.TestMethodWorker.invokeTestMethods(TestMethodWorker.java:154)
at org.testng.internal.invokers.TestMethodWorker.run(TestMethodWorker.java:134)
at java.base/java.util.ArrayList.forEach(ArrayList.java:1596)
at org.testng.TestRunner.privateRun(TestRunner.java:741)
at org.testng.TestRunner.run(TestRunner.java:616)
at org.testng.SuiteRunner.runTest(SuiteRunner.java:421)
at org.testng.SuiteRunner.runSequentially(SuiteRunner.java:413)
at org.testng.SuiteRunner.privateRun(SuiteRunner.java:373)
at org.testng.SuiteRunner.run(SuiteRunner.java:312)
at org.testng.SuiteRunnerWorker.runSuite(SuiteRunnerWorker.java:52)
at org.testng.SuiteRunnerWorker.run(SuiteRunnerWorker.java:95)
at org.testng.TestNG.runSuitesSequentially(TestNG.java:1274)
at org.testng.TestNG.runSuitesLocally(TestNG.java:1208)
at org.testng.TestNG.runSuites(TestNG.java:1112)
at org.testng.TestNG.run(TestNG.java:1079)
at org.testng.remote.AbstractRemoteTestNG.run(AbstractRemoteTestNG.java:115)
at org.testng.remote.RemoteTestNG.initAndRun(RemoteTestNG.java:293)
at org.testng.remote.RemoteTestNG.main(RemoteTestNG.java:91)
]]>
    </error>
  </testcase> <!-- checkout -->
  <testcase classname="projects.AmazonEndtoEnd1.Testcase11_CheckOutProcess" name="checkout" time="73.919">
    <skipped/>
  </testcase> <!-- checkout -->
  <testcase classname="projects.AmazonEndtoEnd1.Testcase11_CheckOutProcess" name="checkout" time="56.807">
    <skipped/>
  </testcase> <!-- checkout -->
  <system-out>
    <![CDATA[Amazon launched in browser
Amazon logged in successfully
Guest user successfully added items to cart and navigated till checkout page
Products sorted by Bestsellers
Products sorted by Review
Item quanity is increased
Item quanity is Decreased
Items moved to checkout]]>
  </system-out>
</testsuite> <!-- projects.AmazonEndtoEnd1.Testcase11_CheckOutProcess -->
