<?xml version="1.0" encoding="UTF-8"?>
<!-- Generated by org.testng.reporters.JUnitReportReporter -->
<testsuite hostname="DESKTOP-C72S4F8" failures="0" tests="1" name="projects.AmazonEndtoEnd1.Testcase1_LogintoAmazon" time="21.459" errors="0" timestamp="2026-04-19T19:23:25 IST" skipped="0">
  <testcase classname="projects.AmazonEndtoEnd1.Testcase1_LogintoAmazon" name="validCredentials" time="21.459">
    <system-out>
      <![CDATA[Amazon launched in browser
Amazon logged in successfully]]>
    </system-out>
  </testcase> <!-- validCredentials -->
  <system-out>
    <![CDATA[Amazon launched in browser
Amazon logged in successfully]]>
  </system-out>
</testsuite> <!-- projects.AmazonEndtoEnd1.Testcase1_LogintoAmazon -->
