<?xml version="1.0" encoding="UTF-8"?>
<!-- Generated by org.testng.reporters.JUnitReportReporter -->
<testsuite hostname="DESKTOP-C72S4F8" failures="0" tests="1" name="projects.AmazonEndtoEnd1.Testcase4_ProfileInfo" time="41.889" errors="0" timestamp="2026-04-19T19:14:21 IST" skipped="0">
  <testcase classname="projects.AmazonEndtoEnd1.Testcase4_ProfileInfo" name="profileInformationUpdate" time="41.889"/>
  <system-out>
    <![CDATA[Amazon launched in browser
Amazon logged in successfully
Guest user successfully added items to cart and navigated till checkout page
Products sorted by Bestsellers
Products sorted by Review
Item quanity is increased
Item quanity is Decreased
Items moved to checkout]]>
  </system-out>
</testsuite> <!-- projects.AmazonEndtoEnd1.Testcase4_ProfileInfo -->
